2025-02-10 23:29:27 - o.h.validator.internal.util.Version - HV000001: Hibernate Validator 8.0.2.Final
2025-02-10 23:29:27 - c.d.chatbotapi.ChatbotapiApplication - Starting ChatbotapiApplication using Java 17.0.9 with PID 29229 (/home/ducnh/java-dev/chatbotapi/target/classes started by ducnh in /home/ducnh/java-dev/chatbotapi)
2025-02-10 23:29:27 - c.d.chatbotapi.ChatbotapiApplication - No active profile set, falling back to 1 default profile: "default"
2025-02-10 23:29:28 - o.s.b.w.e.tomcat.TomcatWebServer - Tomcat initialized with port 8080 (http)
2025-02-10 23:29:28 - o.a.coyote.http11.Http11NioProtocol - Initializing ProtocolHandler ["http-nio-8080"]
2025-02-10 23:29:28 - o.a.catalina.core.StandardService - Starting service [Tomcat]
2025-02-10 23:29:28 - o.a.catalina.core.StandardEngine - Starting Servlet engine: [Apache Tomcat/10.1.34]
2025-02-10 23:29:28 - o.a.c.c.C.[Tomcat].[localhost].[/] - Initializing Spring embedded WebApplicationContext
2025-02-10 23:29:28 - o.s.b.w.s.c.ServletWebServerApplicationContext - Root WebApplicationContext: initialization completed in 434 ms
2025-02-10 23:29:28 - c.d.chatbotapi.BotAutoConfiguration - Creating Default Bot Async Task Executor...
2025-02-10 23:29:28 - o.a.coyote.http11.Http11NioProtocol - Starting ProtocolHandler ["http-nio-8080"]
2025-02-10 23:29:28 - o.s.b.w.e.tomcat.TomcatWebServer - Tomcat started on port 8080 (http) with context path '/'
2025-02-10 23:29:28 - c.d.chatbotapi.ChatbotapiApplication - Started ChatbotapiApplication in 1.002 seconds (process running for 1.147)
2025-02-10 23:29:28 - c.d.chatbotapi.BotAutoConfiguration - Spring Boot Telegram Command Bot Auto Configuration by @nhduc
2025-02-10 23:29:29 - c.d.chatbotapi.core.BotDispatcher - Bot bgc2025_bot has started successfully
2025-02-10 23:31:11 - o.s.b.w.e.tomcat.GracefulShutdown - Commencing graceful shutdown. Waiting for active requests to complete
2025-02-10 23:31:11 - o.s.b.w.e.tomcat.GracefulShutdown - Graceful shutdown complete
2025-02-11 08:04:13 - o.h.validator.internal.util.Version - HV000001: Hibernate Validator 8.0.2.Final
2025-02-11 08:04:13 - c.d.chatbotapi.ChatbotapiApplication - Starting ChatbotapiApplication using Java 17.0.7 with PID 46704 (C:\Users\duc.nh1\java-dev\chatbottelegramapi\target\classes started by duc.nh1 in C:\Users\duc.nh1\java-dev\chatbottelegramapi)
2025-02-11 08:04:13 - c.d.chatbotapi.ChatbotapiApplication - No active profile set, falling back to 1 default profile: "default"
2025-02-11 08:04:14 - o.s.b.w.e.tomcat.TomcatWebServer - Tomcat initialized with port 8080 (http)
2025-02-11 08:04:14 - o.a.coyote.http11.Http11NioProtocol - Initializing ProtocolHandler ["http-nio-8080"]
2025-02-11 08:04:14 - o.a.catalina.core.StandardService - Starting service [Tomcat]
2025-02-11 08:04:14 - o.a.catalina.core.StandardEngine - Starting Servlet engine: [Apache Tomcat/10.1.34]
2025-02-11 08:04:14 - o.a.c.c.C.[Tomcat].[localhost].[/] - Initializing Spring embedded WebApplicationContext
2025-02-11 08:04:14 - o.s.b.w.s.c.ServletWebServerApplicationContext - Root WebApplicationContext: initialization completed in 927 ms
2025-02-11 08:04:15 - c.d.chatbotapi.BotAutoConfiguration - Creating Default Bot Async Task Executor...
2025-02-11 08:04:15 - o.a.coyote.http11.Http11NioProtocol - Starting ProtocolHandler ["http-nio-8080"]
2025-02-11 08:04:15 - o.s.b.w.e.tomcat.TomcatWebServer - Tomcat started on port 8080 (http) with context path '/'
2025-02-11 08:04:15 - c.d.chatbotapi.ChatbotapiApplication - Started ChatbotapiApplication in 2.059 seconds (process running for 2.35)
2025-02-11 08:04:15 - c.d.chatbotapi.BotAutoConfiguration - Spring Boot Telegram Command Bot Auto Configuration by @nhduc
2025-02-11 08:04:16 - c.d.chatbotapi.core.BotDispatcher - Bot bgc2025_bot has started successfully
2025-02-11 11:05:35 - c.d.c.s.i.DefaultNonCommandUpdateSubscriber - Not a bot's command
2025-02-11 15:45:26 - o.h.validator.internal.util.Version - HV000001: Hibernate Validator 8.0.2.Final
2025-02-11 15:45:27 - c.d.chatbotapi.ChatbotapiApplication - Starting ChatbotapiApplication using Java 17.0.7 with PID 47400 (C:\Users\duc.nh1\java-dev\chatbottelegramapi\target\classes started by duc.nh1 in C:\Users\duc.nh1\java-dev\chatbottelegramapi)
2025-02-11 15:45:27 - c.d.chatbotapi.ChatbotapiApplication - No active profile set, falling back to 1 default profile: "default"
2025-02-11 15:45:28 - o.s.b.w.e.tomcat.TomcatWebServer - Tomcat initialized with port 8080 (http)
2025-02-11 15:45:28 - o.a.coyote.http11.Http11NioProtocol - Initializing ProtocolHandler ["http-nio-8080"]
2025-02-11 15:45:28 - o.a.catalina.core.StandardService - Starting service [Tomcat]
2025-02-11 15:45:28 - o.a.catalina.core.StandardEngine - Starting Servlet engine: [Apache Tomcat/10.1.34]
2025-02-11 15:45:28 - o.a.c.c.C.[Tomcat].[localhost].[/] - Initializing Spring embedded WebApplicationContext
2025-02-11 15:45:28 - o.s.b.w.s.c.ServletWebServerApplicationContext - Root WebApplicationContext: initialization completed in 1365 ms
2025-02-11 15:45:28 - c.d.chatbotapi.BotAutoConfiguration - Creating Default Bot Async Task Executor...
2025-02-11 15:45:29 - o.a.coyote.http11.Http11NioProtocol - Starting ProtocolHandler ["http-nio-8080"]
2025-02-11 15:45:29 - o.s.b.w.e.tomcat.TomcatWebServer - Tomcat started on port 8080 (http) with context path '/'
2025-02-11 15:45:29 - c.d.chatbotapi.ChatbotapiApplication - Started ChatbotapiApplication in 3.071 seconds (process running for 3.433)
2025-02-11 15:45:29 - c.d.chatbotapi.BotAutoConfiguration - Spring Boot Telegram Command Bot Auto Configuration by @nhduc
2025-02-11 15:45:30 - c.d.chatbotapi.core.BotDispatcher - Bot bgc2025_bot has started successfully
